2023-04-17 10:09:20,617 INFO 43179 [Timer] /Users/latest/Documents/show_backend/node_modules/egg-multipart/app/schedule/clean_tmpdir.js next time will execute after 66039384ms at 2023-04-18 04:30:00.001
2023-04-17 10:09:20,618 INFO 43179 [Timer] /Users/latest/Documents/show_backend/node_modules/egg-logrotator/app/schedule/clean_log.js next time will execute after 49839382ms at 2023-04-18 00:00:00.000
2023-04-17 10:09:20,618 INFO 43179 [Timer] /Users/latest/Documents/show_backend/node_modules/egg-logrotator/app/schedule/rotate_by_file.js next time will execute after 49840382ms at 2023-04-18 00:00:01.000
2023-04-17 10:09:20,475 INFO 43180 [egg-schedule]: register schedule /Users/latest/Documents/show_backend/node_modules/egg-multipart/app/schedule/clean_tmpdir.js
2023-04-17 10:09:20,475 INFO 43180 [egg-schedule]: register schedule /Users/latest/Documents/show_backend/node_modules/egg-logrotator/app/schedule/clean_log.js
2023-04-17 10:09:20,475 INFO 43180 [egg-schedule]: register schedule /Users/latest/Documents/show_backend/node_modules/egg-logrotator/app/schedule/rotate_by_file.js
2023-04-17 10:37:44,721 INFO 43655 [Timer] /Users/latest/Documents/show_backend/node_modules/egg-multipart/app/schedule/clean_tmpdir.js next time will execute after 64335281ms at 2023-04-18 04:30:00.002
2023-04-17 10:37:44,721 INFO 43655 [Timer] /Users/latest/Documents/show_backend/node_modules/egg-logrotator/app/schedule/clean_log.js next time will execute after 48135279ms at 2023-04-18 00:00:00.000
2023-04-17 10:37:44,721 INFO 43655 [Timer] /Users/latest/Documents/show_backend/node_modules/egg-logrotator/app/schedule/rotate_by_file.js next time will execute after 48136279ms at 2023-04-18 00:00:01.000
2023-04-17 10:37:44,572 INFO 43656 [egg-schedule]: register schedule /Users/latest/Documents/show_backend/node_modules/egg-multipart/app/schedule/clean_tmpdir.js
2023-04-17 10:37:44,572 INFO 43656 [egg-schedule]: register schedule /Users/latest/Documents/show_backend/node_modules/egg-logrotator/app/schedule/clean_log.js
2023-04-17 10:37:44,572 INFO 43656 [egg-schedule]: register schedule /Users/latest/Documents/show_backend/node_modules/egg-logrotator/app/schedule/rotate_by_file.js
2023-04-17 10:41:38,977 INFO 43693 [egg-schedule]: register schedule /Users/latest/Documents/show_backend/node_modules/egg-multipart/app/schedule/clean_tmpdir.js
2023-04-17 10:41:38,977 INFO 43693 [egg-schedule]: register schedule /Users/latest/Documents/show_backend/node_modules/egg-logrotator/app/schedule/clean_log.js
2023-04-17 10:41:38,977 INFO 43693 [egg-schedule]: register schedule /Users/latest/Documents/show_backend/node_modules/egg-logrotator/app/schedule/rotate_by_file.js
2023-04-17 10:41:56,111 INFO 43705 [egg-schedule]: register schedule /Users/latest/Documents/show_backend/node_modules/egg-multipart/app/schedule/clean_tmpdir.js
2023-04-17 10:41:56,111 INFO 43705 [egg-schedule]: register schedule /Users/latest/Documents/show_backend/node_modules/egg-logrotator/app/schedule/clean_log.js
2023-04-17 10:41:56,111 INFO 43705 [egg-schedule]: register schedule /Users/latest/Documents/show_backend/node_modules/egg-logrotator/app/schedule/rotate_by_file.js
2023-04-17 10:43:10,470 INFO 43761 [egg-schedule]: register schedule /Users/latest/Documents/show_backend/node_modules/egg-multipart/app/schedule/clean_tmpdir.js
2023-04-17 10:43:10,470 INFO 43761 [egg-schedule]: register schedule /Users/latest/Documents/show_backend/node_modules/egg-logrotator/app/schedule/clean_log.js
2023-04-17 10:43:10,470 INFO 43761 [egg-schedule]: register schedule /Users/latest/Documents/show_backend/node_modules/egg-logrotator/app/schedule/rotate_by_file.js
2023-04-17 10:44:01,023 INFO 43775 [egg-schedule]: register schedule /Users/latest/Documents/show_backend/node_modules/egg-multipart/app/schedule/clean_tmpdir.js
2023-04-17 10:44:01,023 INFO 43775 [egg-schedule]: register schedule /Users/latest/Documents/show_backend/node_modules/egg-logrotator/app/schedule/clean_log.js
2023-04-17 10:44:01,023 INFO 43775 [egg-schedule]: register schedule /Users/latest/Documents/show_backend/node_modules/egg-logrotator/app/schedule/rotate_by_file.js
2023-04-17 10:44:49,855 INFO 43798 [egg-schedule]: register schedule /Users/latest/Documents/show_backend/node_modules/egg-multipart/app/schedule/clean_tmpdir.js
2023-04-17 10:44:49,855 INFO 43798 [egg-schedule]: register schedule /Users/latest/Documents/show_backend/node_modules/egg-logrotator/app/schedule/clean_log.js
2023-04-17 10:44:49,855 INFO 43798 [egg-schedule]: register schedule /Users/latest/Documents/show_backend/node_modules/egg-logrotator/app/schedule/rotate_by_file.js
2023-04-17 10:48:45,030 INFO 43861 [egg-schedule]: register schedule /Users/latest/Documents/show_backend/node_modules/egg-multipart/app/schedule/clean_tmpdir.js
2023-04-17 10:48:45,030 INFO 43861 [egg-schedule]: register schedule /Users/latest/Documents/show_backend/node_modules/egg-logrotator/app/schedule/clean_log.js
2023-04-17 10:48:45,030 INFO 43861 [egg-schedule]: register schedule /Users/latest/Documents/show_backend/node_modules/egg-logrotator/app/schedule/rotate_by_file.js
2023-04-17 10:49:44,359 INFO 43869 [egg-schedule]: register schedule /Users/latest/Documents/show_backend/node_modules/egg-multipart/app/schedule/clean_tmpdir.js
2023-04-17 10:49:44,359 INFO 43869 [egg-schedule]: register schedule /Users/latest/Documents/show_backend/node_modules/egg-logrotator/app/schedule/clean_log.js
2023-04-17 10:49:44,359 INFO 43869 [egg-schedule]: register schedule /Users/latest/Documents/show_backend/node_modules/egg-logrotator/app/schedule/rotate_by_file.js
2023-04-17 10:50:00,641 INFO 43955 [Timer] /Users/latest/Documents/show_backend/node_modules/egg-multipart/app/schedule/clean_tmpdir.js next time will execute after 63599361ms at 2023-04-18 04:30:00.002
2023-04-17 10:50:00,641 INFO 43955 [Timer] /Users/latest/Documents/show_backend/node_modules/egg-logrotator/app/schedule/clean_log.js next time will execute after 47399359ms at 2023-04-18 00:00:00.000
2023-04-17 10:50:00,641 INFO 43955 [Timer] /Users/latest/Documents/show_backend/node_modules/egg-logrotator/app/schedule/rotate_by_file.js next time will execute after 47400359ms at 2023-04-18 00:00:01.000
2023-04-17 10:50:00,521 INFO 43956 [egg-schedule]: register schedule /Users/latest/Documents/show_backend/node_modules/egg-multipart/app/schedule/clean_tmpdir.js
2023-04-17 10:50:00,521 INFO 43956 [egg-schedule]: register schedule /Users/latest/Documents/show_backend/node_modules/egg-logrotator/app/schedule/clean_log.js
2023-04-17 10:50:00,521 INFO 43956 [egg-schedule]: register schedule /Users/latest/Documents/show_backend/node_modules/egg-logrotator/app/schedule/rotate_by_file.js
2023-04-17 10:50:19,928 INFO 43965 [egg-schedule]: register schedule /Users/latest/Documents/show_backend/node_modules/egg-multipart/app/schedule/clean_tmpdir.js
2023-04-17 10:50:19,928 INFO 43965 [egg-schedule]: register schedule /Users/latest/Documents/show_backend/node_modules/egg-logrotator/app/schedule/clean_log.js
2023-04-17 10:50:19,928 INFO 43965 [egg-schedule]: register schedule /Users/latest/Documents/show_backend/node_modules/egg-logrotator/app/schedule/rotate_by_file.js
2023-04-17 10:50:59,365 INFO 44049 [Timer] /Users/latest/Documents/show_backend/node_modules/egg-multipart/app/schedule/clean_tmpdir.js next time will execute after 63540636ms at 2023-04-18 04:30:00.001
2023-04-17 10:50:59,366 INFO 44049 [Timer] /Users/latest/Documents/show_backend/node_modules/egg-logrotator/app/schedule/clean_log.js next time will execute after 47340634ms at 2023-04-18 00:00:00.000
2023-04-17 10:50:59,366 INFO 44049 [Timer] /Users/latest/Documents/show_backend/node_modules/egg-logrotator/app/schedule/rotate_by_file.js next time will execute after 47341634ms at 2023-04-18 00:00:01.000
2023-04-17 10:50:59,246 INFO 44050 [egg-schedule]: register schedule /Users/latest/Documents/show_backend/node_modules/egg-multipart/app/schedule/clean_tmpdir.js
2023-04-17 10:50:59,246 INFO 44050 [egg-schedule]: register schedule /Users/latest/Documents/show_backend/node_modules/egg-logrotator/app/schedule/clean_log.js
2023-04-17 10:50:59,246 INFO 44050 [egg-schedule]: register schedule /Users/latest/Documents/show_backend/node_modules/egg-logrotator/app/schedule/rotate_by_file.js
2023-04-17 10:51:37,772 INFO 44061 [egg-schedule]: register schedule /Users/latest/Documents/show_backend/node_modules/egg-multipart/app/schedule/clean_tmpdir.js
2023-04-17 10:51:37,772 INFO 44061 [egg-schedule]: register schedule /Users/latest/Documents/show_backend/node_modules/egg-logrotator/app/schedule/clean_log.js
2023-04-17 10:51:37,772 INFO 44061 [egg-schedule]: register schedule /Users/latest/Documents/show_backend/node_modules/egg-logrotator/app/schedule/rotate_by_file.js
2023-04-17 10:53:46,584 INFO 44089 [egg-schedule]: register schedule /Users/latest/Documents/show_backend/node_modules/egg-multipart/app/schedule/clean_tmpdir.js
2023-04-17 10:53:46,584 INFO 44089 [egg-schedule]: register schedule /Users/latest/Documents/show_backend/node_modules/egg-logrotator/app/schedule/clean_log.js
2023-04-17 10:53:46,584 INFO 44089 [egg-schedule]: register schedule /Users/latest/Documents/show_backend/node_modules/egg-logrotator/app/schedule/rotate_by_file.js
2023-04-17 10:55:49,709 INFO 44113 [egg-schedule]: register schedule /Users/latest/Documents/show_backend/node_modules/egg-multipart/app/schedule/clean_tmpdir.js
2023-04-17 10:55:49,709 INFO 44113 [egg-schedule]: register schedule /Users/latest/Documents/show_backend/node_modules/egg-logrotator/app/schedule/clean_log.js
2023-04-17 10:55:49,709 INFO 44113 [egg-schedule]: register schedule /Users/latest/Documents/show_backend/node_modules/egg-logrotator/app/schedule/rotate_by_file.js
